2025-04-24 17:44:20,633 - INFO - logging in using static token
2025-04-24 17:44:22,010 - INFO - Shard ID None has sent the IDENTIFY payload.
2025-04-24 17:44:22,328 - INFO - Shard ID None has connected to Gateway: ["gateway-prd-us-east1-b-57s9",{"micros":65269,"calls":["id_created",{"micros":545,"calls":[]},"session_lookup_time",{"micros":634,"calls":[]},"session_lookup_finished",{"micros":15,"calls":[]},"discord-sessions-prd-2-31",{"micros":63805,"calls":["start_session",{"micros":39778,"calls":["discord-api-rpc-684dd849bb-9tqxb",{"micros":31533,"calls":["get_user",{"micros":5398},"get_guilds",{"micros":3709},"send_scheduled_deletion_message",{"micros":7},"guild_join_requests",{"micros":983},"authorized_ip_coro",{"micros":9},"pending_payments",{"micros":807},"apex_user_experiments",{"micros":2}]}]},"starting_guild_connect",{"micros":31,"calls":[]},"presence_started",{"micros":5043,"calls":[]},"guilds_started",{"micros":111,"calls":[]},"lobbies_started",{"micros":1,"calls":[]},"guilds_connect",{"micros":11,"calls":[]},"presence_connect",{"micros":18814,"calls":[]},"connect_finished",{"micros":18828,"calls":[]},"build_ready",{"micros":11,"calls":[]},"clean_ready",{"micros":1,"calls":[]},"optimize_ready",{"micros":0,"calls":[]},"split_ready",{"micros":0,"calls":[]}]}]}] (Session ID: e691f732d592f130939ed160ccda3cb1, Resume URL: wss://gateway-us-east1-b.discord.gg).
2025-04-24 18:20:12,708 - INFO - logging in using static token
2025-04-24 18:20:14,008 - INFO - Shard ID None has sent the IDENTIFY payload.
2025-04-24 18:20:14,355 - INFO - Shard ID None has connected to Gateway: ["gateway-prd-us-east1-b-ts4n",{"micros":91670,"calls":["id_created",{"micros":423,"calls":[]},"session_lookup_time",{"micros":265,"calls":[]},"session_lookup_finished",{"micros":16,"calls":[]},"discord-sessions-prd-2-58",{"micros":90685,"calls":["start_session",{"micros":61861,"calls":["discord-api-rpc-684dd849bb-jhf6r",{"micros":55061,"calls":["get_user",{"micros":5208},"get_guilds",{"micros":4525},"send_scheduled_deletion_message",{"micros":8},"guild_join_requests",{"micros":745},"authorized_ip_coro",{"micros":9},"pending_payments",{"micros":665},"apex_user_experiments",{"micros":2}]}]},"starting_guild_connect",{"micros":25,"calls":[]},"presence_started",{"micros":10756,"calls":[]},"guilds_started",{"micros":122,"calls":[]},"lobbies_started",{"micros":1,"calls":[]},"guilds_connect",{"micros":9,"calls":[]},"presence_connect",{"micros":17896,"calls":[]},"connect_finished",{"micros":17906,"calls":[]},"build_ready",{"micros":13,"calls":[]},"clean_ready",{"micros":0,"calls":[]},"optimize_ready",{"micros":0,"calls":[]},"split_ready",{"micros":0,"calls":[]}]}]}] (Session ID: 5833b1bac505ce39428319e5635c4d8b, Resume URL: wss://gateway-us-east1-b.discord.gg).
2025-04-24 18:23:49,619 - INFO - Received signal to terminate bot and event loop.
2025-04-24 18:23:49,619 - INFO - Cleaning up tasks.
2025-04-24 18:23:49,619 - INFO - Cleaning up after 1 tasks.
2025-04-24 18:23:49,620 - INFO - All tasks finished cancelling.
2025-04-24 18:23:49,620 - INFO - Closing the event loop.
2025-04-24 18:23:53,862 - INFO - logging in using static token
2025-04-24 18:23:55,174 - INFO - Shard ID None has sent the IDENTIFY payload.
2025-04-24 18:23:55,527 - INFO - Shard ID None has connected to Gateway: ["gateway-prd-us-east1-c-b3dg",{"micros":99352,"calls":["id_created",{"micros":644,"calls":[]},"session_lookup_time",{"micros":575,"calls":[]},"session_lookup_finished",{"micros":13,"calls":[]},"discord-sessions-prd-2-122",{"micros":97688,"calls":["start_session",{"micros":91331,"calls":["discord-api-rpc-684dd849bb-52nzk",{"micros":77355,"calls":["get_user",{"micros":7745},"get_guilds",{"micros":3255},"send_scheduled_deletion_message",{"micros":8},"guild_join_requests",{"micros":953},"authorized_ip_coro",{"micros":7},"pending_payments",{"micros":1411},"apex_user_experiments",{"micros":2}]}]},"starting_guild_connect",{"micros":29,"calls":[]},"presence_started",{"micros":4479,"calls":[]},"guilds_started",{"micros":152,"calls":[]},"lobbies_started",{"micros":1,"calls":[]},"guilds_connect",{"micros":2,"calls":[]},"presence_connect",{"micros":1675,"calls":[]},"connect_finished",{"micros":1679,"calls":[]},"build_ready",{"micros":14,"calls":[]},"clean_ready",{"micros":0,"calls":[]},"optimize_ready",{"micros":1,"calls":[]},"split_ready",{"micros":0,"calls":[]}]}]}] (Session ID: fdc9ef17efa1f24fffb888cae94ae2fb, Resume URL: wss://gateway-us-east1-c.discord.gg).
2025-04-24 18:28:46,362 - INFO - logging in using static token
2025-04-24 18:28:47,775 - INFO - Shard ID None has sent the IDENTIFY payload.
2025-04-24 18:28:48,146 - INFO - Shard ID None has connected to Gateway: ["gateway-prd-us-east1-b-5x01",{"micros":73027,"calls":["id_created",{"micros":404,"calls":[]},"session_lookup_time",{"micros":366,"calls":[]},"session_lookup_finished",{"micros":39,"calls":[]},"discord-sessions-prd-2-70",{"micros":71470,"calls":["start_session",{"micros":62219,"calls":["discord-api-rpc-684dd849bb-ftjpd",{"micros":52868,"calls":["get_user",{"micros":5742},"get_guilds",{"micros":4200},"send_scheduled_deletion_message",{"micros":5},"guild_join_requests",{"micros":1093},"authorized_ip_coro",{"micros":14},"pending_payments",{"micros":1606},"apex_user_experiments",{"micros":2}]}]},"starting_guild_connect",{"micros":25,"calls":[]},"presence_started",{"micros":266,"calls":[]},"guilds_started",{"micros":117,"calls":[]},"lobbies_started",{"micros":1,"calls":[]},"guilds_connect",{"micros":2,"calls":[]},"presence_connect",{"micros":8824,"calls":[]},"connect_finished",{"micros":8828,"calls":[]},"build_ready",{"micros":12,"calls":[]},"clean_ready",{"micros":1,"calls":[]},"optimize_ready",{"micros":0,"calls":[]},"split_ready",{"micros":0,"calls":[]}]}]}] (Session ID: fea90aeaaaf1ef0c1d5211ae23e025d9, Resume URL: wss://gateway-us-east1-b.discord.gg).
2025-04-24 18:29:07,566 - INFO - Received signal to terminate bot and event loop.
2025-04-24 18:29:07,567 - INFO - Cleaning up tasks.
2025-04-24 18:29:07,567 - INFO - Cleaning up after 1 tasks.
2025-04-24 18:29:07,568 - INFO - All tasks finished cancelling.
2025-04-24 18:29:07,568 - INFO - Closing the event loop.
2025-04-24 18:29:09,518 - INFO - logging in using static token
2025-04-24 18:29:10,880 - INFO - Shard ID None has sent the IDENTIFY payload.
2025-04-24 18:29:11,215 - INFO - Shard ID None has connected to Gateway: ["gateway-prd-us-east1-d-k69n",{"micros":83705,"calls":["id_created",{"micros":842,"calls":[]},"session_lookup_time",{"micros":423,"calls":[]},"session_lookup_finished",{"micros":17,"calls":[]},"discord-sessions-prd-2-150",{"micros":82011,"calls":["start_session",{"micros":75111,"calls":["discord-api-rpc-684dd849bb-dcftd",{"micros":61259,"calls":["get_user",{"micros":16169},"get_guilds",{"micros":2410},"send_scheduled_deletion_message",{"micros":6},"guild_join_requests",{"micros":596},"authorized_ip_coro",{"micros":10},"pending_payments",{"micros":723},"apex_user_experiments",{"micros":2}]}]},"starting_guild_connect",{"micros":37,"calls":[]},"presence_started",{"micros":284,"calls":[]},"guilds_started",{"micros":124,"calls":[]},"lobbies_started",{"micros":4,"calls":[]},"guilds_connect",{"micros":1,"calls":[]},"presence_connect",{"micros":6429,"calls":[]},"connect_finished",{"micros":6434,"calls":[]},"build_ready",{"micros":14,"calls":[]},"clean_ready",{"micros":1,"calls":[]},"optimize_ready",{"micros":0,"calls":[]},"split_ready",{"micros":1,"calls":[]}]}]}] (Session ID: 55e620f0c3aaff6c0c0f6d8d7f96891b, Resume URL: wss://gateway-us-east1-d.discord.gg).
2025-04-24 18:31:02,018 - INFO - Received signal to terminate bot and event loop.
2025-04-24 18:31:02,018 - INFO - Cleaning up tasks.
2025-04-24 18:31:02,018 - INFO - Cleaning up after 1 tasks.
2025-04-24 18:31:02,020 - INFO - All tasks finished cancelling.
2025-04-24 18:31:02,020 - INFO - Closing the event loop.
2025-04-24 18:31:05,161 - INFO - logging in using static token
2025-04-24 18:31:06,454 - INFO - Shard ID None has sent the IDENTIFY payload.
2025-04-24 18:31:06,928 - INFO - Shard ID None has connected to Gateway: ["gateway-prd-us-east1-d-q3q4",{"micros":196047,"calls":["id_created",{"micros":560,"calls":[]},"session_lookup_time",{"micros":1353,"calls":[]},"session_lookup_finished",{"micros":15,"calls":[]},"discord-sessions-prd-2-51",{"micros":193825,"calls":["start_session",{"micros":180660,"calls":["discord-api-rpc-684dd849bb-gwt64",{"micros":163721,"calls":["get_user",{"micros":29906},"get_guilds",{"micros":34691},"send_scheduled_deletion_message",{"micros":6},"guild_join_requests",{"micros":7439},"authorized_ip_coro",{"micros":10},"pending_payments",{"micros":741},"apex_user_experiments",{"micros":2}]}]},"starting_guild_connect",{"micros":25,"calls":[]},"presence_started",{"micros":6390,"calls":[]},"guilds_started",{"micros":136,"calls":[]},"lobbies_started",{"micros":2,"calls":[]},"guilds_connect",{"micros":1,"calls":[]},"presence_connect",{"micros":6592,"calls":[]},"connect_finished",{"micros":6596,"calls":[]},"build_ready",{"micros":14,"calls":[]},"clean_ready",{"micros":1,"calls":[]},"optimize_ready",{"micros":0,"calls":[]},"split_ready",{"micros":1,"calls":[]}]}]}] (Session ID: 100563cb0ce19d8db31256461202f53a, Resume URL: wss://gateway-us-east1-d.discord.gg).
2025-04-24 18:38:18,114 - INFO - logging in using static token
2025-04-24 18:38:19,497 - INFO - Shard ID None has sent the IDENTIFY payload.
2025-04-24 18:38:19,806 - INFO - Shard ID None has connected to Gateway: ["gateway-prd-us-east1-c-njkr",{"micros":53806,"calls":["id_created",{"micros":623,"calls":[]},"session_lookup_time",{"micros":985,"calls":[]},"session_lookup_finished",{"micros":16,"calls":[]},"discord-sessions-prd-2-89",{"micros":51863,"calls":["start_session",{"micros":41212,"calls":["discord-api-rpc-684dd849bb-tzsnz",{"micros":34506,"calls":["get_user",{"micros":5938},"get_guilds",{"micros":2616},"send_scheduled_deletion_message",{"micros":6},"guild_join_requests",{"micros":1016},"authorized_ip_coro",{"micros":9},"pending_payments",{"micros":648},"apex_user_experiments",{"micros":1}]}]},"starting_guild_connect",{"micros":31,"calls":[]},"presence_started",{"micros":5503,"calls":[]},"guilds_started",{"micros":122,"calls":[]},"lobbies_started",{"micros":0,"calls":[]},"guilds_connect",{"micros":1,"calls":[]},"presence_connect",{"micros":4977,"calls":[]},"connect_finished",{"micros":4980,"calls":[]},"build_ready",{"micros":12,"calls":[]},"clean_ready",{"micros":1,"calls":[]},"optimize_ready",{"micros":0,"calls":[]},"split_ready",{"micros":1,"calls":[]}]}]}] (Session ID: dd5b44193cb50e564a846752b2f51c7c, Resume URL: wss://gateway-us-east1-c.discord.gg).
2025-04-24 18:38:53,241 - INFO - Received signal to terminate bot and event loop.
2025-04-24 18:38:53,241 - INFO - Cleaning up tasks.
2025-04-24 18:38:53,241 - INFO - Cleaning up after 1 tasks.
2025-04-24 18:38:53,241 - INFO - All tasks finished cancelling.
2025-04-24 18:38:53,241 - INFO - Closing the event loop.
2025-04-24 18:38:55,131 - INFO - logging in using static token
2025-04-24 18:38:56,479 - INFO - Shard ID None has sent the IDENTIFY payload.
2025-04-24 18:38:56,820 - INFO - Shard ID None has connected to Gateway: ["gateway-prd-us-east1-c-v1w1",{"micros":87636,"calls":["id_created",{"micros":625,"calls":[]},"session_lookup_time",{"micros":485,"calls":[]},"session_lookup_finished",{"micros":15,"calls":[]},"discord-sessions-prd-2-53",{"micros":86043,"calls":["start_session",{"micros":80559,"calls":["discord-api-rpc-684dd849bb-pl9fg",{"micros":70978,"calls":["get_user",{"micros":8396},"get_guilds",{"micros":3918},"send_scheduled_deletion_message",{"micros":6},"guild_join_requests",{"micros":1},"authorized_ip_coro",{"micros":10},"pending_payments",{"micros":1072},"apex_user_experiments",{"micros":2}]}]},"starting_guild_connect",{"micros":26,"calls":[]},"presence_started",{"micros":3025,"calls":[]},"guilds_started",{"micros":120,"calls":[]},"lobbies_started",{"micros":1,"calls":[]},"guilds_connect",{"micros":2,"calls":[]},"presence_connect",{"micros":2295,"calls":[]},"connect_finished",{"micros":2298,"calls":[]},"build_ready",{"micros":12,"calls":[]},"clean_ready",{"micros":0,"calls":[]},"optimize_ready",{"micros":0,"calls":[]},"split_ready",{"micros":1,"calls":[]}]}]}] (Session ID: 649f76233461680ce8bb28668c0c83c0, Resume URL: wss://gateway-us-east1-c.discord.gg).
2025-04-24 18:40:06,798 - INFO - Received signal to terminate bot and event loop.
2025-04-24 18:40:06,799 - INFO - Cleaning up tasks.
2025-04-24 18:40:06,799 - INFO - Cleaning up after 1 tasks.
2025-04-24 18:40:06,800 - INFO - All tasks finished cancelling.
2025-04-24 18:40:06,801 - INFO - Closing the event loop.
2025-04-24 18:42:18,647 - INFO - logging in using static token
2025-04-24 18:42:20,012 - INFO - Shard ID None has sent the IDENTIFY payload.
2025-04-24 18:42:20,331 - INFO - Shard ID None has connected to Gateway: ["gateway-prd-us-east1-d-f0zf",{"micros":70195,"calls":["id_created",{"micros":463,"calls":[]},"session_lookup_time",{"micros":452,"calls":[]},"session_lookup_finished",{"micros":12,"calls":[]},"discord-sessions-prd-2-36",{"micros":68965,"calls":["start_session",{"micros":51768,"calls":["discord-api-rpc-684dd849bb-5svh7",{"micros":42502,"calls":["get_user",{"micros":5242},"get_guilds",{"micros":3467},"send_scheduled_deletion_message",{"micros":10},"guild_join_requests",{"micros":385},"authorized_ip_coro",{"micros":10},"pending_payments",{"micros":875},"apex_user_experiments",{"micros":3}]}]},"starting_guild_connect",{"micros":26,"calls":[]},"presence_started",{"micros":4355,"calls":[]},"guilds_started",{"micros":128,"calls":[]},"lobbies_started",{"micros":1,"calls":[]},"guilds_connect",{"micros":2,"calls":[]},"presence_connect",{"micros":12662,"calls":[]},"connect_finished",{"micros":12667,"calls":[]},"build_ready",{"micros":17,"calls":[]},"clean_ready",{"micros":1,"calls":[]},"optimize_ready",{"micros":0,"calls":[]},"split_ready",{"micros":1,"calls":[]}]}]}] (Session ID: ec13430dc2a055ba4f30b3aad67a8748, Resume URL: wss://gateway-us-east1-d.discord.gg).
2025-04-24 18:43:29,481 - INFO - Received signal to terminate bot and event loop.
2025-04-24 18:43:29,481 - INFO - Cleaning up tasks.
2025-04-24 18:43:29,481 - INFO - Cleaning up after 1 tasks.
2025-04-24 18:43:29,481 - INFO - All tasks finished cancelling.
2025-04-24 18:43:29,486 - INFO - Closing the event loop.
2025-04-24 18:43:37,232 - INFO - logging in using static token
2025-04-24 18:43:38,546 - INFO - Shard ID None has sent the IDENTIFY payload.
2025-04-24 18:43:38,909 - INFO - Shard ID None has connected to Gateway: ["gateway-prd-us-east1-b-bw0p",{"micros":106067,"calls":["id_created",{"micros":473,"calls":[]},"session_lookup_time",{"micros":346,"calls":[]},"session_lookup_finished",{"micros":14,"calls":[]},"discord-sessions-prd-2-115",{"micros":103619,"calls":["start_session",{"micros":83981,"calls":["discord-api-rpc-684dd849bb-ft22q",{"micros":70319,"calls":["get_user",{"micros":13973},"get_guilds",{"micros":3670},"send_scheduled_deletion_message",{"micros":6},"guild_join_requests",{"micros":1},"authorized_ip_coro",{"micros":8},"pending_payments",{"micros":663},"apex_user_experiments",{"micros":1}]}]},"starting_guild_connect",{"micros":29,"calls":[]},"presence_started",{"micros":3359,"calls":[]},"guilds_started",{"micros":117,"calls":[]},"lobbies_started",{"micros":1,"calls":[]},"guilds_connect",{"micros":1,"calls":[]},"presence_connect",{"micros":16111,"calls":[]},"connect_finished",{"micros":16116,"calls":[]},"build_ready",{"micros":14,"calls":[]},"clean_ready",{"micros":0,"calls":[]},"optimize_ready",{"micros":1,"calls":[]},"split_ready",{"micros":0,"calls":[]}]}]}] (Session ID: 0c735e5ea000a4b85c4e3278fb7d4187, Resume URL: wss://gateway-us-east1-b.discord.gg).
2025-04-24 18:44:12,499 - INFO - Received signal to terminate bot and event loop.
2025-04-24 18:44:12,500 - INFO - Cleaning up tasks.
2025-04-24 18:44:12,500 - INFO - Cleaning up after 1 tasks.
2025-04-24 18:44:12,502 - INFO - All tasks finished cancelling.
2025-04-24 18:44:12,502 - INFO - Closing the event loop.
2025-04-24 18:44:16,073 - INFO - logging in using static token
2025-04-24 18:44:17,614 - INFO - Shard ID None has sent the IDENTIFY payload.
2025-04-24 18:44:17,904 - INFO - Shard ID None has connected to Gateway: ["gateway-prd-us-east1-c-49cl",{"micros":49502,"calls":["id_created",{"micros":560,"calls":[]},"session_lookup_time",{"micros":1844,"calls":[]},"session_lookup_finished",{"micros":13,"calls":[]},"discord-sessions-prd-2-122",{"micros":46676,"calls":["start_session",{"micros":44821,"calls":["discord-api-rpc-684dd849bb-4pxfk",{"micros":37701,"calls":["get_user",{"micros":5265},"get_guilds",{"micros":3014},"send_scheduled_deletion_message",{"micros":9},"guild_join_requests",{"micros":875},"authorized_ip_coro",{"micros":8},"pending_payments",{"micros":595},"apex_user_experiments",{"micros":1}]}]},"starting_guild_connect",{"micros":24,"calls":[]},"presence_started",{"micros":396,"calls":[]},"guilds_started",{"micros":123,"calls":[]},"lobbies_started",{"micros":1,"calls":[]},"guilds_connect",{"micros":2,"calls":[]},"presence_connect",{"micros":1294,"calls":[]},"connect_finished",{"micros":1297,"calls":[]},"build_ready",{"micros":12,"calls":[]},"clean_ready",{"micros":0,"calls":[]},"optimize_ready",{"micros":0,"calls":[]},"split_ready",{"micros":1,"calls":[]}]}]}] (Session ID: ea96c1daf307dea7116b94e4cc3bfdd2, Resume URL: wss://gateway-us-east1-c.discord.gg).
2025-04-24 18:45:11,288 - INFO - Received signal to terminate bot and event loop.
2025-04-24 18:45:11,290 - INFO - Cleaning up tasks.
2025-04-24 18:45:11,290 - INFO - Cleaning up after 1 tasks.
2025-04-24 18:45:11,291 - INFO - All tasks finished cancelling.
2025-04-24 18:45:11,291 - INFO - Closing the event loop.
2025-04-24 18:45:13,269 - INFO - logging in using static token
2025-04-24 18:45:14,545 - INFO - Shard ID None has sent the IDENTIFY payload.
2025-04-24 18:45:15,034 - INFO - Shard ID None has connected to Gateway: ["gateway-prd-us-east1-c-qpcp",{"micros":231742,"calls":["id_created",{"micros":846,"calls":[]},"session_lookup_time",{"micros":389,"calls":[]},"session_lookup_finished",{"micros":23,"calls":[]},"discord-sessions-prd-2-164",{"micros":230023,"calls":["start_session",{"micros":205150,"calls":["discord-api-rpc-684dd849bb-d6snt",{"micros":176592,"calls":["get_user",{"micros":39707},"get_guilds",{"micros":7875},"send_scheduled_deletion_message",{"micros":11},"guild_join_requests",{"micros":488},"authorized_ip_coro",{"micros":9},"pending_payments",{"micros":1956},"apex_user_experiments",{"micros":3}]}]},"starting_guild_connect",{"micros":29,"calls":[]},"presence_started",{"micros":11933,"calls":[]},"guilds_started",{"micros":133,"calls":[]},"lobbies_started",{"micros":1,"calls":[]},"guilds_connect",{"micros":1,"calls":[]},"presence_connect",{"micros":12756,"calls":[]},"connect_finished",{"micros":12760,"calls":[]},"build_ready",{"micros":15,"calls":[]},"clean_ready",{"micros":0,"calls":[]},"optimize_ready",{"micros":1,"calls":[]},"split_ready",{"micros":0,"calls":[]}]}]}] (Session ID: c1e7e590b2862b796252a871888ca31a, Resume URL: wss://gateway-us-east1-c.discord.gg).
2025-04-24 18:51:29,346 - INFO - Received signal to terminate bot and event loop.
2025-04-24 18:51:29,346 - INFO - Cleaning up tasks.
2025-04-24 18:51:29,347 - INFO - Cleaning up after 1 tasks.
2025-04-24 18:51:29,348 - INFO - All tasks finished cancelling.
2025-04-24 18:51:29,348 - INFO - Closing the event loop.
2025-04-24 18:51:40,803 - INFO - logging in using static token
2025-04-24 18:51:42,165 - INFO - Shard ID None has sent the IDENTIFY payload.
2025-04-24 18:51:42,482 - INFO - Shard ID None has connected to Gateway: ["gateway-prd-us-east1-c-1x29",{"micros":67528,"calls":["id_created",{"micros":760,"calls":[]},"session_lookup_time",{"micros":1946,"calls":[]},"session_lookup_finished",{"micros":18,"calls":[]},"discord-sessions-prd-2-29",{"micros":64435,"calls":["start_session",{"micros":56755,"calls":["discord-api-rpc-684dd849bb-fscrz",{"micros":49066,"calls":["get_user",{"micros":5372},"get_guilds",{"micros":4569},"send_scheduled_deletion_message",{"micros":8},"guild_join_requests",{"micros":0},"authorized_ip_coro",{"micros":8},"pending_payments",{"micros":705},"apex_user_experiments",{"micros":2}]}]},"starting_guild_connect",{"micros":27,"calls":[]},"presence_started",{"micros":281,"calls":[]},"guilds_started",{"micros":105,"calls":[]},"lobbies_started",{"micros":0,"calls":[]},"guilds_connect",{"micros":1,"calls":[]},"presence_connect",{"micros":7233,"calls":[]},"connect_finished",{"micros":7248,"calls":[]},"build_ready",{"micros":17,"calls":[]},"clean_ready",{"micros":0,"calls":[]},"optimize_ready",{"micros":1,"calls":[]},"split_ready",{"micros":0,"calls":[]}]}]}] (Session ID: 8f94bc2a79e3340f8124036abdd11ed7, Resume URL: wss://gateway-us-east1-c.discord.gg).
2025-04-24 19:47:43,386 - INFO - Websocket closed with 1006, attempting a reconnect.
2025-04-24 19:47:43,387 - INFO - Got a request to RESUME the websocket.
2025-04-24 19:47:43,970 - INFO - Shard ID None has sent the RESUME payload.
2025-04-24 19:47:44,223 - INFO - Shard ID None has successfully RESUMED session 8f94bc2a79e3340f8124036abdd11ed7 under trace ["gateway-prd-us-east1-c-qxgz",{"micros":1765,"calls":["id_created",{"micros":0,"calls":[]},"session_lookup_time",{"micros":817,"calls":[]},"session_lookup_finished",{"micros":19,"calls":[]},"discord-sessions-prd-2-29",{"micros":33}]}].
2025-04-24 20:27:45,039 - INFO - Received signal to terminate bot and event loop.
2025-04-24 20:27:45,040 - INFO - Cleaning up tasks.
2025-04-24 20:27:45,041 - INFO - Cleaning up after 1 tasks.
2025-04-24 20:27:45,045 - INFO - All tasks finished cancelling.
2025-04-24 20:27:45,046 - INFO - Closing the event loop.
2025-04-24 20:28:14,249 - INFO - logging in using static token
2025-04-24 20:28:15,811 - INFO - Shard ID None has sent the IDENTIFY payload.
2025-04-24 20:28:16,129 - INFO - Shard ID None has connected to Gateway: ["gateway-prd-us-east1-c-qwgs",{"micros":48273,"calls":["id_created",{"micros":504,"calls":[]},"session_lookup_time",{"micros":315,"calls":[]},"session_lookup_finished",{"micros":17,"calls":[]},"discord-sessions-prd-2-119",{"micros":47161,"calls":["start_session",{"micros":44748,"calls":["discord-api-rpc-67647b5fcf-pqrbv",{"micros":35549,"calls":["get_user",{"micros":5523},"get_guilds",{"micros":3386},"send_scheduled_deletion_message",{"micros":6},"guild_join_requests",{"micros":916},"authorized_ip_coro",{"micros":8},"pending_payments",{"micros":1965},"apex_user_experiments",{"micros":2}]}]},"starting_guild_connect",{"micros":26,"calls":[]},"presence_started",{"micros":358,"calls":[]},"guilds_started",{"micros":125,"calls":[]},"lobbies_started",{"micros":1,"calls":[]},"guilds_connect",{"micros":1,"calls":[]},"presence_connect",{"micros":1881,"calls":[]},"connect_finished",{"micros":1885,"calls":[]},"build_ready",{"micros":15,"calls":[]},"clean_ready",{"micros":0,"calls":[]},"optimize_ready",{"micros":1,"calls":[]},"split_ready",{"micros":0,"calls":[]}]}]}] (Session ID: da7b2658a827177d73635b565c8cac10, Resume URL: wss://gateway-us-east1-c.discord.gg).
2025-04-24 20:32:49,903 - INFO - Received signal to terminate bot and event loop.
2025-04-24 20:32:49,904 - INFO - Cleaning up tasks.
2025-04-24 20:32:49,904 - INFO - Cleaning up after 1 tasks.
2025-04-24 20:32:49,906 - INFO - All tasks finished cancelling.
2025-04-24 20:32:49,906 - INFO - Closing the event loop.
2025-04-24 20:32:52,209 - INFO - logging in using static token
2025-04-24 20:32:53,537 - INFO - Shard ID None has sent the IDENTIFY payload.
2025-04-24 20:32:53,857 - INFO - Shard ID None has connected to Gateway: ["gateway-prd-us-east1-b-bkb4",{"micros":57655,"calls":["id_created",{"micros":697,"calls":[]},"session_lookup_time",{"micros":326,"calls":[]},"session_lookup_finished",{"micros":26,"calls":[]},"discord-sessions-prd-2-43",{"micros":55658,"calls":["start_session",{"micros":47265,"calls":["discord-api-rpc-67647b5fcf-w4jdf",{"micros":38464,"calls":["get_user",{"micros":5308},"get_guilds",{"micros":2981},"send_scheduled_deletion_message",{"micros":9},"guild_join_requests",{"micros":1665},"authorized_ip_coro",{"micros":10},"pending_payments",{"micros":745},"apex_user_experiments",{"micros":3}]}]},"starting_guild_connect",{"micros":27,"calls":[]},"presence_started",{"micros":3047,"calls":[]},"guilds_started",{"micros":112,"calls":[]},"lobbies_started",{"micros":1,"calls":[]},"guilds_connect",{"micros":1,"calls":[]},"presence_connect",{"micros":5188,"calls":[]},"connect_finished",{"micros":5191,"calls":[]},"build_ready",{"micros":13,"calls":[]},"clean_ready",{"micros":1,"calls":[]},"optimize_ready",{"micros":0,"calls":[]},"split_ready",{"micros":0,"calls":[]}]}]}] (Session ID: 75c6c0001935d753fce250acd8cd205c, Resume URL: wss://gateway-us-east1-b.discord.gg).
2025-04-24 20:33:39,042 - INFO - Received signal to terminate bot and event loop.
2025-04-24 20:33:39,042 - INFO - Cleaning up tasks.
2025-04-24 20:33:39,043 - INFO - Cleaning up after 1 tasks.
2025-04-24 20:33:39,044 - INFO - All tasks finished cancelling.
2025-04-24 20:33:39,044 - INFO - Closing the event loop.
2025-04-24 20:33:41,748 - INFO - logging in using static token
2025-04-24 20:33:43,219 - INFO - Shard ID None has sent the IDENTIFY payload.
2025-04-24 20:33:43,635 - INFO - Shard ID None has connected to Gateway: ["gateway-prd-us-east1-d-kd4w",{"micros":164828,"calls":["id_created",{"micros":594,"calls":[]},"session_lookup_time",{"micros":295,"calls":[]},"session_lookup_finished",{"micros":28,"calls":[]},"discord-sessions-prd-2-60",{"micros":163675,"calls":["start_session",{"micros":142518,"calls":["discord-api-rpc-67647b5fcf-nckgb",{"micros":126465,"calls":["get_user",{"micros":17888},"get_guilds",{"micros":5069},"send_scheduled_deletion_message",{"micros":6},"guild_join_requests",{"micros":16483},"authorized_ip_coro",{"micros":10},"pending_payments",{"micros":710},"apex_user_experiments",{"micros":2}]}]},"starting_guild_connect",{"micros":26,"calls":[]},"presence_started",{"micros":6687,"calls":[]},"guilds_started",{"micros":166,"calls":[]},"lobbies_started",{"micros":1,"calls":[]},"guilds_connect",{"micros":2,"calls":[]},"presence_connect",{"micros":14256,"calls":[]},"connect_finished",{"micros":14261,"calls":[]},"build_ready",{"micros":14,"calls":[]},"clean_ready",{"micros":0,"calls":[]},"optimize_ready",{"micros":1,"calls":[]},"split_ready",{"micros":0,"calls":[]}]}]}] (Session ID: 6fc0e67e4a2db35abad37d768341c9da, Resume URL: wss://gateway-us-east1-d.discord.gg).
2025-04-24 20:34:28,467 - INFO - Received signal to terminate bot and event loop.
2025-04-24 20:34:28,467 - INFO - Cleaning up tasks.
2025-04-24 20:34:28,467 - INFO - Cleaning up after 1 tasks.
2025-04-24 20:34:28,467 - INFO - All tasks finished cancelling.
2025-04-24 20:34:28,467 - INFO - Closing the event loop.
2025-04-24 20:34:32,576 - INFO - logging in using static token
2025-04-24 20:34:33,908 - INFO - Shard ID None has sent the IDENTIFY payload.
2025-04-24 20:34:34,529 - INFO - Shard ID None has connected to Gateway: ["gateway-prd-us-east1-d-nx4d",{"micros":368194,"calls":["id_created",{"micros":530,"calls":[]},"session_lookup_time",{"micros":889,"calls":[]},"session_lookup_finished",{"micros":13,"calls":[]},"discord-sessions-prd-2-159",{"micros":366252,"calls":["start_session",{"micros":356597,"calls":["discord-api-rpc-67647b5fcf-f7rv8",{"micros":295890,"calls":["get_user",{"micros":15557},"get_guilds",{"micros":60380},"send_scheduled_deletion_message",{"micros":7},"guild_join_requests",{"micros":1},"authorized_ip_coro",{"micros":8},"pending_payments",{"micros":29115},"apex_user_experiments",{"micros":3}]}]},"starting_guild_connect",{"micros":24,"calls":[]},"presence_started",{"micros":2312,"calls":[]},"guilds_started",{"micros":119,"calls":[]},"lobbies_started",{"micros":1,"calls":[]},"guilds_connect",{"micros":2,"calls":[]},"presence_connect",{"micros":7180,"calls":[]},"connect_finished",{"micros":7184,"calls":[]},"build_ready",{"micros":13,"calls":[]},"clean_ready",{"micros":0,"calls":[]},"optimize_ready",{"micros":1,"calls":[]},"split_ready",{"micros":0,"calls":[]}]}]}] (Session ID: a509b5a81afe6abc61517cdf70aad20e, Resume URL: wss://gateway-us-east1-d.discord.gg).
2025-04-24 20:36:45,984 - INFO - Received signal to terminate bot and event loop.
2025-04-24 20:36:45,984 - INFO - Cleaning up tasks.
2025-04-24 20:36:45,986 - INFO - Cleaning up after 1 tasks.
2025-04-24 20:36:45,987 - INFO - All tasks finished cancelling.
2025-04-24 20:36:45,987 - INFO - Closing the event loop.
